<?xml version="1.0" encoding="UTF-8"?>
<!-- Generated by org.testng.reporters.JUnitReportReporter -->
<testsuite hostname="CO-IT005052" name="api_test.test.GetExample" tests="1" failures="0" timestamp="11 Mar 2020 19:19:59 GMT" time="2.528" errors="0">
  <testcase name="listUsersGistsTest" time="2.528" classname="api_test.test.GetExample"/>
</testsuite> <!-- api_test.test.GetExample -->
